[     137ms] [INFO] %cDownload the React DevTools for a better development experience: https://react.dev/link/react-devtools font-weight:bold @ http://localhost:3001/_next/static/chunks/1629d_next_dist_9e7c62d6._.js:2297
[     153ms] [LOG] [HMR] connected @ http://localhost:3001/_next/static/chunks/1629d_next_dist_9e7c62d6._.js:2297
[     176ms] [ERROR] A tree hydrated but some attributes of the server rendered HTML didn't match the client properties. This won't be patched up. This can happen if a SSR-ed Client Component used:

- A server/client branch `if (typeof window !== 'undefined')`.
- Variable input such as `Date.now()` or `Math.random()` which changes each time it's called.
- Date formatting in a user's locale which doesn't match the server.
- External changing data without sending a snapshot of it along with the HTML.
- Invalid HTML tag nesting.

It can also happen if the client has a browser extension installed which messes with the HTML before React loaded.

%s%s https://react.dev/link/hydration-mismatch 

  ...
    <ErrorBoundary errorComponent={undefined} errorStyles={undefined} errorScripts={undefined}>
      <LoadingBoundary name="en/" loading={null}>
        <HTTPAccessFallbackBoundary notFound={undefined} forbidden={undefined} unauthorized={undefined}>
          <RedirectBoundary>
            <RedirectErrorBoundary router={{...}}>
              <InnerLayoutRouter url="/en" tree={[...]} params={{locale:"en"}} cacheNode={{rsc:<Fragment>, ...}} ...>
                <SegmentViewNode type="page" pagePath="[locale]/p...">
                  <SegmentTrieNode>
                  <Home>
                    <script>
                    <Home>
                      <Hero>
                        <section className="relative i..." aria-labelledby="home-hero">
                          <div>
                          <div className="mx-auto gr...">
                            <motion.div className="max-w-2xl" initial={{opacity:0,y:-20}} animate={{opacity:1,y:0}} ...>
                              <div className="max-w-2xl" style={{opacity:0, ...}} ref={function useMotionRef.useCallback}>
                                <span>
                                <h1>
                                <p>
                                <p>
                                <div>
                                <div>
                                <div
+                                 className="card-dashboard-mockup mt-6 grid grid-cols-3 gap-2 p-2 md:hidden"
-                                 className="card-dashboard-mockup mt-8 grid grid-cols-3 gap-2.5 p-3 md:hidden"
                                >
                                  <div
+                                   className="rounded-[var(--radius-md)] border border-[var(--hairline)] bg-white p-2"
-                                   className="rounded-[var(--radius-md)] border border-[var(--hairline)] bg-white px-..."
                                  >
                                    <div
+                                     className="mb-2 h-1.5 w-7 rounded-full bg-[var(--primary-soft)]"
-                                     className="mb-2.5 h-1.5 w-7 rounded-full bg-[var(--primary-soft)]"
                                    >
                                    <p
+                                     className="text-[9px] leading-[1.2] text-[var(--ink-mute)]"
-                                     className="text-[10px] leading-[1.3] text-[var(--ink-mute)]"
                                    >
+                                     API layer
                                    <p
+                                     className="tabular mt-1 text-[15px] leading-[1.1] text-[var(--ink)]"
-                                     className="tabular mt-1 text-[16px] leading-[1.1] tracking-[-0.2px] text-[var(--..."
                                    >
+                                     99.98%
                                  <div
+                                   className="rounded-[var(--radius-md)] border border-[var(--hairline)] bg-white p-2"
-                                   className="rounded-[var(--radius-md)] border border-[var(--hairline)] bg-white px-..."
                                  >
                                    <div
+                                     className="mb-2 h-1.5 w-7 rounded-full bg-[var(--primary-deep)]"
-                                     className="mb-2.5 h-1.5 w-7 rounded-full bg-[var(--primary-deep)]"
                                    >
                                    <p
+                                     className="text-[9px] leading-[1.2] text-[var(--ink-mute)]"
-                                     className="text-[10px] leading-[1.3] text-[var(--ink-mute)]"
                                    >
+                                     Mobile release
                                    <p
+                                     className="tabular mt-1 text-[15px] leading-[1.1] text-[var(--ink)]"
-                                     className="tabular mt-1 text-[16px] leading-[1.1] tracking-[-0.2px] text-[var(--..."
                                    >
+                                     1.4s
                                  <div
+                                   className="rounded-[var(--radius-md)] border border-[var(--hairline)] bg-white p-2"
-                                   className="rounded-[var(--radius-md)] border border-[var(--hairline)] bg-white px-..."
                                  >
                                    <div
+                                     className="mb-2 h-1.5 w-7 rounded-full bg-[var(--primary)]"
-                                     className="mb-2.5 h-1.5 w-7 rounded-full bg-[var(--primary)]"
                                    >
                                    <p
+                                     className="text-[9px] leading-[1.2] text-[var(--ink-mute)]"
-                                     className="text-[10px] leading-[1.3] text-[var(--ink-mute)]"
                                    >
+                                     Web vitals
                                    <p
+                                     className="tabular mt-1 text-[15px] leading-[1.1] text-[var(--ink)]"
-                                     className="tabular mt-1 text-[16px] leading-[1.1] tracking-[-0.2px] text-[var(--..."
                                    >
+                                     A
                            ...
                    <Home>
                      <section className="bg-white p..." aria-labelledby="why-choose-us">
                        <div className="max-w-7xl ...">
                          <AnimatedSection className="mb-12 max-...">
                            <motion.div ref={{current:null}} initial={{opacity:0,y:50}} animate={{opacity:0,y:50}} ...>
                              <div
                                className="mb-12 max-w-3xl md:mb-14"
                                style={{
+                                 opacity: 0
-                                 opacity: "0"
+                                 transform: "translateY(50px)"
-                                 transform: "translateY(16px)"
                                }}
                                ref={function useMotionRef.useCallback}
                              >
                          <div className="grid grid-...">
                            <AnimatedSection delay={0}>
                              <motion.div ref={{current:null}} initial={{opacity:0,y:50}} animate={{opacity:0,y:50}} ...>
                                <div
                                  className=""
                                  style={{
+                                   opacity: 0
-                                   opacity: "0"
+                                   transform: "translateY(50px)"
-                                   transform: "translateY(16px)"
                                  }}
                                  ref={function useMotionRef.useCallback}
                                >
                            <AnimatedSection delay={0.08}>
                              <motion.div ref={{current:null}} initial={{opacity:0,y:50}} animate={{opacity:0,y:50}} ...>
                                <div
                                  className=""
                                  style={{
+                                   opacity: 0
-                                   opacity: "0"
+                                   transform: "translateY(50px)"
-                                   transform: "translateY(16px)"
                                  }}
                                  ref={function useMotionRef.useCallback}
                                >
                            <AnimatedSection delay={0.16}>
                              <motion.div ref={{current:null}} initial={{opacity:0,y:50}} animate={{opacity:0,y:50}} ...>
                                <div
                                  className=""
                                  style={{
+                                   opacity: 0
-                                   opacity: "0"
+                                   transform: "translateY(50px)"
-                                   transform: "translateY(16px)"
                                  }}
                                  ref={function useMotionRef.useCallback}
                                >
                    <Home>
                      <section className="bg-[var(--..." aria-labelledby="our-services">
                        <div className="max-w-7xl ...">
                          <AnimatedSection className="mb-14 max-...">
                            <motion.div ref={{current:null}} initial={{opacity:0,y:50}} animate={{opacity:0,y:50}} ...>
                              <div
                                className="mb-14 max-w-3xl"
                                style={{
+                                 opacity: 0
-                                 opacity: "0"
+                                 transform: "translateY(50px)"
-                                 transform: "translateY(16px)"
                                }}
                                ref={function useMotionRef.useCallback}
                              >
                          <div className="mb-12 grid...">
                            <AnimatedSection delay={0}>
                              <motion.div ref={{current:null}} initial={{opacity:0,y:50}} animate={{opacity:0,y:50}} ...>
                                <div
                                  className=""
                                  style={{
+                                   opacity: 0
-                                   opacity: "0"
+                                   transform: "translateY(50px)"
-                                   transform: "translateY(16px)"
                                  }}
                                  ref={function useMotionRef.useCallback}
                                >
                            <AnimatedSection delay={0.1}>
                              <motion.div ref={{current:null}} initial={{opacity:0,y:50}} animate={{opacity:0,y:50}} ...>
                                <div
                                  className=""
                                  style={{
+                                   opacity: 0
-                                   opacity: "0"
+                                   transform: "translateY(50px)"
-                                   transform: "translateY(16px)"
                                  }}
                                  ref={function useMotionRef.useCallback}
                                >
                            <AnimatedSection delay={0.2}>
                              <motion.div ref={{current:null}} initial={{opacity:0,y:50}} animate={{opacity:0,y:50}} ...>
                                <div
                                  className=""
                                  style={{
+                                   opacity: 0
-                                   opacity: "0"
+                                   transform: "translateY(50px)"
-                                   transform: "translateY(16px)"
                                  }}
                                  ref={function useMotionRef.useCallback}
                                >
                          <AnimatedSection className="text-center">
                            <motion.div ref={{current:null}} initial={{opacity:0,y:50}} animate={{opacity:0,y:50}} ...>
                              <div
                                className="text-center"
                                style={{
+                                 opacity: 0
-                                 opacity: "0"
+                                 transform: "translateY(50px)"
-                                 transform: "translateY(16px)"
                                }}
                                ref={function useMotionRef.useCallback}
                              >
                    <Home>
                      <section className="bg-white p..." aria-labelledby="cta-heading">
                        <div className="max-w-7xl ...">
                          <AnimatedSection className="card-cream...">
                            <motion.div ref={{current:null}} initial={{opacity:0,y:50}} animate={{opacity:0,y:50}} ...>
                              <div
                                className="card-cream-band grid gap-8 lg:grid-cols-[1fr_auto] lg:items-center"
                                style={{
+                                 opacity: 0
-                                 opacity: "0"
+                                 transform: "translateY(50px)"
-                                 transform: "translateY(16px)"
                                }}
                                ref={function useMotionRef.useCallback}
                              >
                ...
              ...
 @ http://localhost:3001/_next/static/chunks/1629d_next_dist_9e7c62d6._.js:3127
